

Started GET "/" for ::1 at 2016-04-26 10:51:58 -0700
Processing by Rails::WelcomeController#index as HTML
  Rendered /Users/stevemboyle/.rbenv/versions/2.1.2/lib/ruby/gems/2.1.0/gems/railties-4.2.6/lib/rails/templates/rails/welcome/index.html.erb (2.7ms)
Completed 200 OK in 15ms (Views: 14.5ms | ActiveRecord: 0.0ms)


Started GET "/" for ::1 at 2016-04-26 10:57:22 -0700
Processing by Rails::WelcomeController#index as HTML
  Rendered /Users/stevemboyle/.rbenv/versions/2.1.2/lib/ruby/gems/2.1.0/gems/railties-4.2.6/lib/rails/templates/rails/welcome/index.html.erb (0.8ms)
Completed 200 OK in 7ms (Views: 6.5ms | ActiveRecord: 0.0ms)


Started GET "/" for ::1 at 2016-04-26 11:06:20 -0700
Processing by Rails::WelcomeController#index as HTML
  Rendered /Users/stevemboyle/.rbenv/versions/2.1.2/lib/ruby/gems/2.1.0/gems/railties-4.2.6/lib/rails/templates/rails/welcome/index.html.erb (0.8ms)
Completed 200 OK in 9ms (Views: 8.2ms | ActiveRecord: 0.0ms)


Started GET "/" for ::1 at 2016-04-26 11:12:24 -0700
Processing by Rails::WelcomeController#index as HTML
  Rendered /Users/stevemboyle/.rbenv/versions/2.1.2/lib/ruby/gems/2.1.0/gems/railties-4.2.6/lib/rails/templates/rails/welcome/index.html.erb (0.6ms)
Completed 200 OK in 11ms (Views: 10.2ms | ActiveRecord: 0.0ms)


Started GET "/" for ::1 at 2016-04-26 11:12:27 -0700
Processing by Rails::WelcomeController#index as HTML
  Rendered /Users/stevemboyle/.rbenv/versions/2.1.2/lib/ruby/gems/2.1.0/gems/railties-4.2.6/lib/rails/templates/rails/welcome/index.html.erb (0.1ms)
Completed 200 OK in 2ms (Views: 1.6ms | ActiveRecord: 0.0ms)


Started GET "/" for ::1 at 2016-04-26 11:12:35 -0700
Processing by Rails::WelcomeController#index as HTML
  Rendered /Users/stevemboyle/.rbenv/versions/2.1.2/lib/ruby/gems/2.1.0/gems/railties-4.2.6/lib/rails/templates/rails/welcome/index.html.erb (0.1ms)
Completed 200 OK in 1ms (Views: 1.3ms | ActiveRecord: 0.0ms)


Started GET "/" for ::1 at 2016-04-26 11:13:35 -0700
Processing by Rails::WelcomeController#index as HTML
  Rendered /Users/stevemboyle/.rbenv/versions/2.1.2/lib/ruby/gems/2.1.0/gems/railties-4.2.6/lib/rails/templates/rails/welcome/index.html.erb (2.2ms)
Completed 200 OK in 47ms (Views: 46.7ms | ActiveRecord: 0.0ms)


Started GET "/" for ::1 at 2016-04-26 11:13:39 -0700
Processing by Rails::WelcomeController#index as HTML
  Rendered /Users/stevemboyle/.rbenv/versions/2.1.2/lib/ruby/gems/2.1.0/gems/railties-4.2.6/lib/rails/templates/rails/welcome/index.html.erb (0.0ms)
Completed 200 OK in 1ms (Views: 1.0ms | ActiveRecord: 0.0ms)
  [1m[36m (39.6ms)[0m  [1mCREATE TABLE "schema_migrations" ("version" character varying NOT NULL) [0m
  [1m[35m (2.5ms)[0m  CREATE UNIQUE INDEX  "unique_schema_migrations" ON "schema_migrations"  ("version")
  [1m[36mActiveRecord::SchemaMigration Load (0.5ms)[0m  [1mSELECT "schema_migrations".* FROM "schema_migrations"[0m
  [1m[35mActiveRecord::SchemaMigration Load (0.5ms)[0m  SELECT "schema_migrations".* FROM "schema_migrations"
  [1m[36mActiveRecord::SchemaMigration Load (0.7ms)[0m  [1mSELECT "schema_migrations".* FROM "schema_migrations"[0m
Migrating to CreateUsers (20160426181601)
  [1m[35m (0.2ms)[0m  BEGIN
DEPRECATION WARNING: `#timestamps` was called without specifying an option for `null`. In Rails 5, this behavior will change to `null: false`. You should manually specify `null: true` to prevent the behavior of your existing migrations from changing. (called from block in change at /Users/stevemboyle/Desktop/TixStarter-Final-Project/db/migrate/20160426181601_create_users.rb:12)
  [1m[36m (28.9ms)[0m  [1mCREATE TABLE "users" ("id" serial primary key, "username" character varying NOT NULL, "password_digest" character varying NOT NULL, "session_token" character varying NOT NULL, "first_name" character varying NOT NULL, "last_name" character varying NOT NULL, "bio_image_url" character varying, "bio_text" character varying, "created_at" timestamp, "updated_at" timestamp) [0m
  [1m[35m (1.4ms)[0m  CREATE UNIQUE INDEX  "index_users_on_username" ON "users"  ("username")
  [1m[36mSQL (0.3ms)[0m  [1mINSERT INTO "schema_migrations" ("version") VALUES ($1)[0m  [["version", "20160426181601"]]
  [1m[35m (1.9ms)[0m  COMMIT
  [1m[36mActiveRecord::SchemaMigration Load (0.3ms)[0m  [1mSELECT "schema_migrations".* FROM "schema_migrations"[0m
  [1m[35m (8.8ms)[0m  SELECT t2.oid::regclass::text AS to_table, a1.attname AS column, a2.attname AS primary_key, c.conname AS name, c.confupdtype AS on_update, c.confdeltype AS on_delete
FROM pg_constraint c
JOIN pg_class t1 ON c.conrelid = t1.oid
JOIN pg_class t2 ON c.confrelid = t2.oid
JOIN pg_attribute a1 ON a1.attnum = c.conkey[1] AND a1.attrelid = t1.oid
JOIN pg_attribute a2 ON a2.attnum = c.confkey[1] AND a2.attrelid = t2.oid
JOIN pg_namespace t3 ON c.connamespace = t3.oid
WHERE c.contype = 'f'
  AND t1.relname = 'users'
  AND t3.nspname = ANY (current_schemas(false))
ORDER BY c.conname



Started GET "/" for ::1 at 2016-04-26 11:18:30 -0700
  [1m[36mActiveRecord::SchemaMigration Load (0.7ms)[0m  [1mSELECT "schema_migrations".* FROM "schema_migrations"[0m
Processing by Rails::WelcomeController#index as HTML
  Rendered /Users/stevemboyle/.rbenv/versions/2.1.2/lib/ruby/gems/2.1.0/gems/railties-4.2.6/lib/rails/templates/rails/welcome/index.html.erb (0.3ms)
Completed 200 OK in 5ms (Views: 5.0ms | ActiveRecord: 0.0ms)


Started GET "/" for ::1 at 2016-04-26 11:18:56 -0700
Processing by StaticPagesController#root as HTML
  Rendered static_pages/root.html within layouts/application (1.4ms)
Completed 200 OK in 1057ms (Views: 1056.6ms | ActiveRecord: 0.0ms)


Started GET "/assets/application.self-ba2fd1d3d91a501978a7f1b2b3b44fe2459be7a8f3a80503f90361173880157b.css?body=1" for ::1 at 2016-04-26 11:18:58 -0700


Started GET "/assets/application.self-377610cd7c1509e934744c810e3b4cf672dfbcacac3274e7d039827e2ae0fcc7.js?body=1" for ::1 at 2016-04-26 11:18:58 -0700


Started GET "/assets/jquery.self-660adc51e0224b731d29f575a6f1ec167ba08ad06ed5deca4f1e8654c135bf4c.js?body=1" for ::1 at 2016-04-26 11:18:58 -0700


Started GET "/assets/bundle.self-fa859632b10275c4979fbfc36f293eb36861717991657bec851622c091f0237d.js?body=1" for ::1 at 2016-04-26 11:18:58 -0700


Started GET "/assets/jquery_ujs.self-e87806d0cf4489aeb1bb7288016024e8de67fd18db693fe026fe3907581e53cd.js?body=1" for ::1 at 2016-04-26 11:18:58 -0700


Started GET "/api/events" for ::1 at 2016-04-26 11:18:58 -0700
Processing by Api::EventsController#index as JSON
  [1m[35mEvent Load (5.1ms)[0m  SELECT "events".* FROM "events"
  Rendered api/events/index.json.jbuilder (10.8ms)
Completed 500 Internal Server Error in 25ms (ActiveRecord: 5.1ms)

ActionView::Template::Error (PG::UndefinedTable: ERROR:  relation "events" does not exist
LINE 1: SELECT "events".* FROM "events"
                               ^
: SELECT "events".* FROM "events"):
    1: json.array!(@events) do |event|
    2:   json.partial!('event', event: event, show_showtimes: false)
    3: end
  app/views/api/events/index.json.jbuilder:1:in `_app_views_api_events_index_json_jbuilder___1623398908113932618_70318354804840'


  Rendered /Users/stevemboyle/.rbenv/versions/2.1.2/lib/ruby/gems/2.1.0/gems/actionpack-4.2.6/lib/action_dispatch/middleware/templates/rescues/_trace.text.erb (1.2ms)
  Rendered /Users/stevemboyle/.rbenv/versions/2.1.2/lib/ruby/gems/2.1.0/gems/actionpack-4.2.6/lib/action_dispatch/middleware/templates/rescues/_request_and_response.text.erb (2.4ms)
  Rendered /Users/stevemboyle/.rbenv/versions/2.1.2/lib/ruby/gems/2.1.0/gems/actionpack-4.2.6/lib/action_dispatch/middleware/templates/rescues/template_error.text.erb (21.1ms)
